{
 "cells": [
  {
   "cell_type": "markdown",
   "id": "19b43aee-c23f-4ef7-8547-9c309b2dbecb",
   "metadata": {},
   "source": [
    "# Projeto de Bases de Dados - Parte 2\n",
    "\n",
    "### Docente Responsável\n",
    "\n",
    "Prof. Daniel Faria\n",
    "\n",
    "### Grupo 39\n",
    "<dl>\n",
    "    <dt>20 horas (33.3%)</dt>\n",
    "    <dd>ist199417 Henrique Luz</dd>\n",
    "    <dt>20 horas (33.3%)</dt>\n",
    "    <dd>ist1106481 Vasco Conceição</dd>\n",
    "    <dt>20 horas (33.3%)</dt>\n",
    "    <dd>ist1107273 Nuno Martins</dd>\n",
    "<dl>"
   ]
  },
  {
   "cell_type": "code",
   "execution_count": 368,
   "id": "a6545a02-adea-4c57-b704-cfa1f6253e4b",
   "metadata": {
    "execution": {
     "iopub.execute_input": "2024-05-31T22:37:27.355286Z",
     "iopub.status.busy": "2024-05-31T22:37:27.354799Z",
     "iopub.status.idle": "2024-05-31T22:37:27.487416Z",
     "shell.execute_reply": "2024-05-31T22:37:27.484776Z",
     "shell.execute_reply.started": "2024-05-31T22:37:27.355249Z"
    },
    "tags": []
   },
   "outputs": [
    {
     "name": "stdout",
     "output_type": "stream",
     "text": [
      "The sql extension is already loaded. To reload it, use:\n",
      "  %reload_ext sql\n"
     ]
    },
    {
     "data": {
      "text/html": [
       "<span style=\"None\">Connecting and switching to connection &#x27;postgresql+psycopg://postgres:***@postgres/postgres&#x27;</span>"
      ],
      "text/plain": [
       "Connecting and switching to connection 'postgresql+psycopg://postgres:***@postgres/postgres'"
      ]
     },
     "metadata": {},
     "output_type": "display_data"
    }
   ],
   "source": [
    "%load_ext sql\n",
    "%config SqlMagic.displaycon = 0\n",
    "%config SqlMagic.displaylimit = 1000\n",
    "%sql postgresql+psycopg://postgres:postgres@postgres/postgres"
   ]
  },
  {
   "cell_type": "markdown",
   "id": "76eab1e8-8d6a-41e3-b242-553a7f14ba84",
   "metadata": {
    "tags": []
   },
   "source": [
    "## 0. Carregamento da Base de Dados\n",
    "\n",
    "Crie a base de dados “Saude” no PostgreSQL e execute os comandos para criação das tabelas desta base de dados apresentados de seguida"
   ]
  },
  {
   "cell_type": "code",
   "execution_count": 369,
   "id": "2c31e969-53be-40c5-969a-7e52ac245023",
   "metadata": {
    "execution": {
     "iopub.execute_input": "2024-05-31T22:37:27.789560Z",
     "iopub.status.busy": "2024-05-31T22:37:27.787789Z",
     "iopub.status.idle": "2024-05-31T22:37:28.522131Z",
     "shell.execute_reply": "2024-05-31T22:37:28.520157Z",
     "shell.execute_reply.started": "2024-05-31T22:37:27.789528Z"
    }
   },
   "outputs": [
    {
     "data": {
      "text/html": [
       "<span style=\"color: green\">2 rows affected.</span>"
      ],
      "text/plain": [
       "2 rows affected."
      ]
     },
     "metadata": {},
     "output_type": "display_data"
    },
    {
     "data": {
      "text/html": [
       "<table>\n",
       "    <thead>\n",
       "        <tr>\n",
       "        </tr>\n",
       "    </thead>\n",
       "    <tbody>\n",
       "    </tbody>\n",
       "</table>"
      ],
      "text/plain": [
       "++\n",
       "||\n",
       "++\n",
       "++"
      ]
     },
     "execution_count": 369,
     "metadata": {},
     "output_type": "execute_result"
    }
   ],
   "source": [
    "%%sql\n",
    "\n",
    "-- Terminate active connections\n",
    "SELECT pg_terminate_backend(pid)\n",
    "FROM pg_stat_activity\n",
    "WHERE datname = 'saude' AND pid <> pg_backend_pid();\n",
    "\n",
    "-- Drop the database\n",
    "DROP DATABASE IF EXISTS saude;\n",
    "\n",
    "-- Drop the user\n",
    "DROP USER IF EXISTS saude;"
   ]
  },
  {
   "cell_type": "code",
   "execution_count": 370,
   "id": "22fd28e7-e9fe-4429-970c-cb1f8b0f97ae",
   "metadata": {
    "execution": {
     "iopub.execute_input": "2024-05-31T22:37:28.525565Z",
     "iopub.status.busy": "2024-05-31T22:37:28.524994Z",
     "iopub.status.idle": "2024-05-31T22:37:29.138735Z",
     "shell.execute_reply": "2024-05-31T22:37:29.136995Z",
     "shell.execute_reply.started": "2024-05-31T22:37:28.525522Z"
    }
   },
   "outputs": [
    {
     "data": {
      "text/html": [
       "<table>\n",
       "    <thead>\n",
       "        <tr>\n",
       "        </tr>\n",
       "    </thead>\n",
       "    <tbody>\n",
       "    </tbody>\n",
       "</table>"
      ],
      "text/plain": [
       "++\n",
       "||\n",
       "++\n",
       "++"
      ]
     },
     "execution_count": 370,
     "metadata": {},
     "output_type": "execute_result"
    }
   ],
   "source": [
    "%%sql\n",
    "\n",
    "-- Terminate active connections\n",
    "-- SELECT pg_terminate_backend(pid)\n",
    "-- FROM pg_stat_activity\n",
    "-- WHERE datname = 'saude' AND pid <> pg_backend_pid();\n",
    "\n",
    "-- Drop the database\n",
    "-- DROP DATABASE IF EXISTS saude;\n",
    "\n",
    "-- Drop the user\n",
    "-- DROP USER IF EXISTS saude;\n",
    "\n",
    "-- Create the user\n",
    "CREATE USER saude WITH PASSWORD 'saude';\n",
    "\n",
    "-- Create the database\n",
    "CREATE DATABASE saude WITH OWNER = saude ENCODING = 'UTF8';\n",
    "\n",
    "-- Grant privileges\n",
    "GRANT ALL ON DATABASE saude TO saude;"
   ]
  },
  {
   "cell_type": "code",
   "execution_count": 371,
   "id": "ce841b8d-ae82-470e-a092-51ec4db62ed9",
   "metadata": {
    "execution": {
     "iopub.execute_input": "2024-05-31T22:37:29.167790Z",
     "iopub.status.busy": "2024-05-31T22:37:29.167367Z",
     "iopub.status.idle": "2024-05-31T22:37:29.213294Z",
     "shell.execute_reply": "2024-05-31T22:37:29.211256Z",
     "shell.execute_reply.started": "2024-05-31T22:37:29.167756Z"
    }
   },
   "outputs": [
    {
     "data": {
      "text/html": [
       "<span style=\"None\">Connecting and switching to connection &#x27;postgresql+psycopg://saude:***@postgres/saude&#x27;</span>"
      ],
      "text/plain": [
       "Connecting and switching to connection 'postgresql+psycopg://saude:***@postgres/saude'"
      ]
     },
     "metadata": {},
     "output_type": "display_data"
    }
   ],
   "source": [
    "%sql postgresql+psycopg://saude:saude@postgres/saude"
   ]
  },
  {
   "cell_type": "code",
   "execution_count": 372,
   "id": "c718077c-5193-47a0-bb76-8f1f43a713be",
   "metadata": {
    "execution": {
     "iopub.execute_input": "2024-05-31T22:37:29.399157Z",
     "iopub.status.busy": "2024-05-31T22:37:29.398523Z",
     "iopub.status.idle": "2024-05-31T22:37:29.653624Z",
     "shell.execute_reply": "2024-05-31T22:37:29.651558Z",
     "shell.execute_reply.started": "2024-05-31T22:37:29.399110Z"
    }
   },
   "outputs": [
    {
     "data": {
      "text/html": [
       "<table>\n",
       "    <thead>\n",
       "        <tr>\n",
       "        </tr>\n",
       "    </thead>\n",
       "    <tbody>\n",
       "    </tbody>\n",
       "</table>"
      ],
      "text/plain": [
       "++\n",
       "||\n",
       "++\n",
       "++"
      ]
     },
     "execution_count": 372,
     "metadata": {},
     "output_type": "execute_result"
    }
   ],
   "source": [
    "%%sql\n",
    "\n",
    "DROP TABLE IF EXISTS clinica CASCADE;\n",
    "DROP TABLE IF EXISTS enfermeiro CASCADE;\n",
    "DROP TABLE IF EXISTS medico CASCADE;\n",
    "DROP TABLE IF EXISTS trabalha CASCADE;\n",
    "DROP TABLE IF EXISTS paciente CASCADE;\n",
    "DROP TABLE IF EXISTS receita CASCADE;\n",
    "DROP TABLE IF EXISTS consulta CASCADE;\n",
    "DROP TABLE IF EXISTS observacao CASCADE;\n",
    "\n",
    "CREATE TABLE clinica(\n",
    "\tnome VARCHAR(80) PRIMARY KEY,\n",
    "\ttelefone VARCHAR(15) UNIQUE NOT NULL CHECK (telefone ~ '^[0-9]+$'),\n",
    "\tmorada VARCHAR(255) UNIQUE NOT NULL\n",
    ");\n",
    "\n",
    "CREATE TABLE enfermeiro(\n",
    "\tnif CHAR(9) PRIMARY KEY CHECK (nif ~ '^[0-9]+$'),\n",
    "\tnome VARCHAR(80) UNIQUE NOT NULL,\n",
    "\ttelefone VARCHAR(15) NOT NULL CHECK (telefone ~ '^[0-9]+$'),\n",
    "\tmorada VARCHAR(255) NOT NULL,\n",
    "\tnome_clinica VARCHAR(80) NOT NULL REFERENCES clinica (nome)\n",
    ");\n",
    "\n",
    "CREATE TABLE medico(\n",
    "\tnif CHAR(9) PRIMARY KEY CHECK (nif ~ '^[0-9]+$'),\n",
    "\tnome VARCHAR(80) UNIQUE NOT NULL,\n",
    "\ttelefone VARCHAR(15) NOT NULL CHECK (telefone ~ '^[0-9]+$'),\n",
    "\tmorada VARCHAR(255) NOT NULL,\n",
    "\tespecialidade VARCHAR(80) NOT NULL\n",
    ");\n",
    "\n",
    "CREATE TABLE trabalha(\n",
    "    nif CHAR(9) NOT NULL REFERENCES medico,\n",
    "    nome VARCHAR(80) NOT NULL REFERENCES clinica,\n",
    "    dia_da_semana SMALLINT,\n",
    "    PRIMARY KEY (nif, dia_da_semana)\n",
    ");\n",
    "\n",
    "CREATE TABLE paciente(\n",
    "\tssn CHAR(11) PRIMARY KEY CHECK (ssn ~ '^[0-9]+$'),\n",
    "    nif CHAR(9) UNIQUE NOT NULL CHECK (nif ~ '^[0-9]+$'),\n",
    "\tnome VARCHAR(80) NOT NULL,\n",
    "\ttelefone VARCHAR(15) NOT NULL CHECK (telefone ~ '^[0-9]+$'),\n",
    "\tmorada VARCHAR(255) NOT NULL,\n",
    "\tdata_nasc DATE NOT NULL\n",
    ");\n",
    "\n",
    "CREATE TABLE consulta(\n",
    "\tid SERIAL PRIMARY KEY,\n",
    "\tssn CHAR(11) NOT NULL REFERENCES paciente,\n",
    "\tnif CHAR(9) NOT NULL REFERENCES medico,\n",
    "\tnome VARCHAR(80) NOT NULL REFERENCES clinica,\n",
    "\tdata DATE NOT NULL,\n",
    "\thora TIME NOT NULL,\n",
    "\tcodigo_sns CHAR(12) UNIQUE CHECK (codigo_sns ~ '^[0-9]+$'),\n",
    "\tUNIQUE(ssn, data, hora),\n",
    "\tUNIQUE(nif, data, hora)\n",
    ");\n",
    "\n",
    "CREATE TABLE receita(\n",
    "\tcodigo_sns VARCHAR(12) NOT NULL REFERENCES consulta (codigo_sns),\n",
    "\tmedicamento VARCHAR(155) NOT NULL,\n",
    "\tquantidade SMALLINT NOT NULL CHECK (quantidade > 0),\n",
    "\tPRIMARY KEY (codigo_sns, medicamento)\n",
    ");\n",
    "\n",
    "CREATE TABLE observacao(\n",
    "\tid INTEGER NOT NULL REFERENCES consulta,\n",
    "\tparametro VARCHAR(155) NOT NULL,\n",
    "\tvalor FLOAT,\n",
    "    PRIMARY KEY (id, parametro)\n",
    ");"
   ]
  },
  {
   "cell_type": "markdown",
   "id": "9772880f-58f0-46c8-9670-737390210bb4",
   "metadata": {
    "tags": []
   },
   "source": [
    "## 1. Restrições de Integridade\n",
    "\n",
    "Apresente o código para implementar as seguintes restrições de integridade, se necessário, com recurso a extensões procedimentais SQL (Stored Procedures e Triggers):"
   ]
  },
  {
   "cell_type": "markdown",
   "id": "a0a92dd6-9093-4f4e-addf-591d83c466b3",
   "metadata": {},
   "source": [
    "(RI-1) Os horários das consultas são à hora exata ou meia-hora no horário 8-13h e 14-19h"
   ]
  },
  {
   "cell_type": "code",
   "execution_count": 373,
   "id": "c422052c-0463-46ae-9be1-b6f6ed19d2b9",
   "metadata": {
    "execution": {
     "iopub.execute_input": "2024-05-31T22:37:30.119587Z",
     "iopub.status.busy": "2024-05-31T22:37:30.117754Z",
     "iopub.status.idle": "2024-05-31T22:37:30.161214Z",
     "shell.execute_reply": "2024-05-31T22:37:30.158753Z",
     "shell.execute_reply.started": "2024-05-31T22:37:30.119517Z"
    },
    "tags": []
   },
   "outputs": [
    {
     "data": {
      "text/html": [
       "<table>\n",
       "    <thead>\n",
       "        <tr>\n",
       "        </tr>\n",
       "    </thead>\n",
       "    <tbody>\n",
       "    </tbody>\n",
       "</table>"
      ],
      "text/plain": [
       "++\n",
       "||\n",
       "++\n",
       "++"
      ]
     },
     "execution_count": 373,
     "metadata": {},
     "output_type": "execute_result"
    }
   ],
   "source": [
    "%%sql\n",
    "-- (RI-1)\n",
    "\n",
    "ALTER TABLE consulta\n",
    "ADD CONSTRAINT RI_1 CHECK(((EXTRACT(HOUR FROM hora) >= 8 AND EXTRACT(HOUR FROM hora) < 13) OR (EXTRACT(HOUR FROM hora) >= 14 AND EXTRACT(HOUR FROM hora) < 19)) AND EXTRACT(MINUTE FROM hora) IN (0, 30) AND EXTRACT(SECOND FROM hora) = 0);"
   ]
  },
  {
   "cell_type": "markdown",
   "id": "e99193b5-fd48-4601-a226-34432074af53",
   "metadata": {},
   "source": [
    "(RI-2) Um médico não se pode consultar a si próprio, embora possa ser paciente de outros médicos no sistema"
   ]
  },
  {
   "cell_type": "code",
   "execution_count": 374,
   "id": "188ec396-6e55-4fd3-b436-dcafe454f677",
   "metadata": {
    "execution": {
     "iopub.execute_input": "2024-05-31T22:37:30.852289Z",
     "iopub.status.busy": "2024-05-31T22:37:30.851822Z",
     "iopub.status.idle": "2024-05-31T22:37:30.901487Z",
     "shell.execute_reply": "2024-05-31T22:37:30.899798Z",
     "shell.execute_reply.started": "2024-05-31T22:37:30.852257Z"
    },
    "tags": []
   },
   "outputs": [
    {
     "data": {
      "text/html": [
       "<table>\n",
       "    <thead>\n",
       "        <tr>\n",
       "        </tr>\n",
       "    </thead>\n",
       "    <tbody>\n",
       "    </tbody>\n",
       "</table>"
      ],
      "text/plain": [
       "++\n",
       "||\n",
       "++\n",
       "++"
      ]
     },
     "execution_count": 374,
     "metadata": {},
     "output_type": "execute_result"
    }
   ],
   "source": [
    "%%sql\n",
    "-- (RI-2)\n",
    "\n",
    "CREATE OR REPLACE FUNCTION check_medico_paciente() RETURNS TRIGGER AS $$\n",
    "  DECLARE nif_medico CHAR(9);\n",
    "  BEGIN\n",
    "    SELECT nif INTO nif_medico\n",
    "      FROM paciente\n",
    "      WHERE paciente.ssn = NEW.ssn;\n",
    "    IF NEW.nif = nif_medico THEN\n",
    "      RAISE EXCEPTION 'O médico não se pode consultar a si próprio.';\n",
    "    END IF;\n",
    "    RETURN NEW;\n",
    "  END;\n",
    "$$ LANGUAGE plpgsql;\n",
    "\n",
    "CREATE OR REPLACE TRIGGER check_medico_paciente_trigger AFTER INSERT ON consulta\n",
    "    FOR EACH ROW EXECUTE FUNCTION check_medico_paciente();"
   ]
  },
  {
   "cell_type": "markdown",
   "id": "7e659751-bbd0-475a-b36e-8d40d7d58a54",
   "metadata": {},
   "source": [
    "(RI-3) Um médico só pode dar consultas na clínica em que trabalha no dia da semana correspondente à data da consulta"
   ]
  },
  {
   "cell_type": "code",
   "execution_count": 375,
   "id": "e96f1501-360b-420a-b99f-06b5f7f23665",
   "metadata": {
    "execution": {
     "iopub.execute_input": "2024-05-31T22:37:31.564752Z",
     "iopub.status.busy": "2024-05-31T22:37:31.562795Z",
     "iopub.status.idle": "2024-05-31T22:37:31.600911Z",
     "shell.execute_reply": "2024-05-31T22:37:31.598973Z",
     "shell.execute_reply.started": "2024-05-31T22:37:31.564696Z"
    },
    "tags": []
   },
   "outputs": [
    {
     "data": {
      "text/html": [
       "<table>\n",
       "    <thead>\n",
       "        <tr>\n",
       "        </tr>\n",
       "    </thead>\n",
       "    <tbody>\n",
       "    </tbody>\n",
       "</table>"
      ],
      "text/plain": [
       "++\n",
       "||\n",
       "++\n",
       "++"
      ]
     },
     "execution_count": 375,
     "metadata": {},
     "output_type": "execute_result"
    }
   ],
   "source": [
    "%%sql\n",
    "-- (RI-3)\n",
    "    \n",
    "CREATE OR REPLACE FUNCTION check_medico_clinica() RETURNS TRIGGER AS $$\n",
    "  DECLARE clinica_dia_da_semana VARCHAR(80);\n",
    "  BEGIN\n",
    "    SELECT nome INTO clinica_dia_da_semana\n",
    "      FROM trabalha\n",
    "      WHERE trabalha.nif = NEW.nif AND trabalha.dia_da_semana = EXTRACT(DOW FROM NEW.data);\n",
    "    IF clinica_dia_da_semana != NEW.nome THEN\n",
    "      RAISE EXCEPTION 'Neste dia da semana o médico não dá consultas nesta clínica.';\n",
    "    END IF;\n",
    "    RETURN NEW;\n",
    "  END;\n",
    "$$ LANGUAGE plpgsql;\n",
    "\n",
    "CREATE OR REPLACE TRIGGER check_medico_clinica_trigger AFTER INSERT ON consulta\n",
    "    FOR EACH ROW EXECUTE FUNCTION check_medico_clinica();"
   ]
  },
  {
   "cell_type": "markdown",
   "id": "f2bc09cf-3927-4fcf-8412-53dafd113b9c",
   "metadata": {
    "tags": []
   },
   "source": [
    "## 2. Preenchimento da Base de Dados\n",
    "\n",
    "Preencha todas as tabelas da base de dados de forma consistente (após execução do ponto anterior) com os seguintes requisitos adicionais de cobertura:\n",
    "- 5 clínicas, de pelo menos 3 localidades diferentes do distrito de Lisboa\n",
    "- 5-6 enfermeiros por clínica\n",
    "- 20 médicos de especialidade ‘clínica geral’ e 40 outros distribuídos como entender por até 5 outras especialidades médicas (incluindo pelo menos, ‘ortopedia’ e ‘cardiologia’). Cada médico deve trabalhar em pelo menos duas clínicas, e em cada clínica a cada dia da semana (incluindo fins de semana), devem estar pelo menos 8 médicos\n",
    "- Cerca de 5.000 pacientes\n",
    "- Um número mínimo de consultas em 2023 e 2024 tais que cada paciente tem pelo menos uma consulta, e em cada dia há pelo menos 20 consultas por clínica, e pelo menos 2 consultas por médico\n",
    "- ~80% das consultas tem receita médica associada, e as receitas têm 1 a 6 medicamentos em quantidades entre 1 e 3\n",
    "- Todas as consultas têm 1 a 5 observações de sintomas (com parâmetro mas sem valor) e 0 a 3 observações métricas (com parâmetro e valor). Deve haver ~50 parâmetros diferentes para os sintomas (sem valor) e ~20 parâmetros diferentes para as observações métricas (com valor) e os dois conjuntos devem ser disjuntos. \n",
    "- Todas as moradas são nacionais e seguem o formato Português, terminando com código postal: XXXX-XXX e de seguida a localidade.\n",
    "Deve ainda garantir que todas as consultas necessárias para a realização dos pontos seguintes do projeto produzem um resultado não vazio.\n",
    "\n",
    "O código para preenchimento da base de dados deve ser compilado num ficheiro \"populate.sql\", anexado ao relatório, que contém com comandos INSERT ou alternativamente comandos COPY que populam as tabelas a partir de ficheiros de texto, também eles anexados ao relatório. "
   ]
  },
  {
   "cell_type": "markdown",
   "id": "37637f46-470f-431a-9833-4d8665176450",
   "metadata": {
    "tags": []
   },
   "source": [
    "## 3. Desenvolvimento de Aplicação\n",
    "\n",
    "Crie um protótipo de RESTful web service para gestão de consultas por acesso programático à base de dados ‘Saude’ através de uma API que devolve respostas em JSON, implementando os seguintes endpoints REST:\n",
    "\n",
    "|Endpoint|Descrição|\n",
    "|--------|---------|\n",
    "|/|Lista todas as clínicas (nome e morada).|\n",
    "|/c/\\<clinica>/|Lista todas as especialidades oferecidas na \\<clinica>.|\n",
    "|/c/\\<clinica>/\\<especialidade>/|Lista todos os médicos (nome) da \\<especialidade> que trabalham na <clínica> e os primeiros três horários disponíveis para consulta de cada um deles (data e hora).|\n",
    "|/a/\\<clinica>/registar/|Registra uma marcação de consulta na \\<clinica> na base de dados (populando a respectiva tabela). Recebe como argumentos um paciente, um médico, e uma data e hora (posteriores ao momento de agendamento).|\n",
    "|/a/\\<clinica>/cancelar/|Cancela uma marcação de consulta que ainda não se realizou na \\<clinica> (o seu horário é posterior ao momento do cancelamento), removendo a entrada da respectiva tabela na base de dados. Recebe como argumentos um paciente, um médico, e uma data e hora.|"
   ]
  },
  {
   "cell_type": "markdown",
   "id": "f861ee47-e72b-4633-8dac-b4728ed852b9",
   "metadata": {},
   "source": [
    "### Explicação da arquitetura da aplicação web, incluindo a descrição dos vários ficheiros na pasta web/arquivos e a relação entre eles\n",
    "\n",
    "|Endpoint|Função|\n",
    "|--------|---------|\n",
    "|/|lista_clinicas|\n",
    "|/c/\\<clinica>/|lista_especialidades_clinica|\n",
    "|/c/\\<clinica>/\\<especialidade>/|lista_medicos_especialidade_clinica|\n",
    "|/a/\\<clinica>/registar/|regista_consulta_clinica|\n",
    "|/a/\\<clinica>/cancelar/|cancela_consulta_clinica|"
   ]
  },
  {
   "cell_type": "markdown",
   "id": "97f45cec-fe42-418a-b85d-c9e51807a42c",
   "metadata": {},
   "source": [
    "## 4 . Vistas\n",
    "\n",
    "Crie uma vista materializada que detalhe as informações mais importantes sobre as consultas dos pacientes, combinando a informação de várias tabelas da base de dados. A vista deve ter o seguinte esquema:\n",
    "\n",
    "### *historial_paciente(id, ssn, nif, nome, data, ano, mes, dia_do_mes, localidade, especialidade, tipo, chave, valor)*\n",
    "\n",
    "em que:\n",
    "- *id, ssn, nif, nome* e *data*: correspondem ao atributos homónimos da tabela **consulta**\n",
    "- *ano, mes, dia_do_mes* e *dia_da_semana*: são derivados do atributo *data* da tabela **consulta**\n",
    "- *localidade*: é derivado do atributo *morada* da tabela **clinica**\n",
    "- *especialidade*: corresponde ao atributo homónimo da tabela **medico**\n",
    "- *tipo*: toma os valores ‘observacao’ ou ‘receita’ consoante o preenchimento dos campos seguintes\n",
    "- *chave*: corresponde ao atributo *parametro* da tabela **observacao** ou ao atributo *medicamento* da tabela **receita**\n",
    "- *valor*: corresponde ao atributo *valor* da tabela **observacao** ou ao atributo *quantidade* da tabela **receita**\n"
   ]
  },
  {
   "cell_type": "code",
   "execution_count": 376,
   "id": "0bbb2226-5de4-4051-b4c0-9130bd4904f5",
   "metadata": {
    "execution": {
     "iopub.execute_input": "2024-05-31T22:38:35.530303Z",
     "iopub.status.busy": "2024-05-31T22:38:35.529980Z",
     "iopub.status.idle": "2024-05-31T22:38:43.971874Z",
     "shell.execute_reply": "2024-05-31T22:38:43.970769Z",
     "shell.execute_reply.started": "2024-05-31T22:38:35.530279Z"
    },
    "tags": []
   },
   "outputs": [
    {
     "data": {
      "text/html": [
       "<span style=\"color: green\">581460 rows affected.</span>"
      ],
      "text/plain": [
       "581460 rows affected."
      ]
     },
     "metadata": {},
     "output_type": "display_data"
    },
    {
     "data": {
      "text/html": [
       "<table>\n",
       "    <thead>\n",
       "        <tr>\n",
       "        </tr>\n",
       "    </thead>\n",
       "    <tbody>\n",
       "    </tbody>\n",
       "</table>"
      ],
      "text/plain": [
       "++\n",
       "||\n",
       "++\n",
       "++"
      ]
     },
     "execution_count": 376,
     "metadata": {},
     "output_type": "execute_result"
    }
   ],
   "source": [
    "%%sql\n",
    "\n",
    "DROP MATERIALIZED VIEW IF EXISTS historial_paciente CASCADE;\n",
    "\n",
    "CREATE MATERIALIZED VIEW historial_paciente AS\n",
    "SELECT c.id, c.ssn, c.nif, c.nome, c.data, EXTRACT(YEAR FROM c.data) AS ano, EXTRACT(MONTH FROM c.data) AS mes, EXTRACT(DAY FROM c.data) AS dia_do_mes, SUBSTRING(cl.morada FROM '[0-9]{4}-[0-9]{3}\\s(.*)') AS localidade, m.especialidade, 'receita' AS tipo, r.medicamento AS chave, r.quantidade AS valor\n",
    "FROM consulta c JOIN paciente p ON c.ssn = p.ssn\n",
    "                JOIN medico m ON c.nif = m.nif\n",
    "                JOIN clinica cl ON c.nome = cl.nome\n",
    "                JOIN receita r ON c.codigo_sns = r.codigo_sns\n",
    "UNION\n",
    "SELECT c.id, c.ssn, c.nif, c.nome, c.data, EXTRACT(YEAR FROM c.data) AS ano, EXTRACT(MONTH FROM c.data) AS mes, EXTRACT(DAY FROM c.data) AS dia_do_mes, SUBSTRING(cl.morada FROM '[0-9]{4}-[0-9]{3}\\s(.*)') AS localidade, m.especialidade, 'observacao' AS tipo, o.parametro AS chave, o.valor AS valor\n",
    "FROM consulta c JOIN paciente p ON c.ssn = p.ssn\n",
    "                JOIN medico m ON c.nif = m.nif\n",
    "                JOIN clinica cl ON c.nome = cl.nome\n",
    "                JOIN observacao o ON c.id = o.id;"
   ]
  },
  {
   "cell_type": "markdown",
   "id": "5dff0f43-90cc-4ab5-b874-c3fb24776728",
   "metadata": {},
   "source": [
    "## 5. Análise de Dados (SQL e OLAP)\n",
    "\n",
    "Usando a vista desenvolvida no ponto anterior, complementada com outras tabelas da base de dados ‘Saude’ quando necessário, apresente a consulta SQL mais sucinta para cada um dos seguintes objetivos analíticos. Pode usar as instruções ROLLUP, CUBE, GROUPING SETS ou as cláusulas UNION of GROUP BY para os objetivos em que lhe parecer adequado."
   ]
  },
  {
   "cell_type": "markdown",
   "id": "bd8d173c-e72f-4e89-8949-e2df3b7b07a3",
   "metadata": {},
   "source": [
    "1. Determinar que paciente(s) tiveram menos progresso no tratamento das suas doenças do foro ortopédico para atribuição de uma consulta gratuita. Considera-se que o indicador de falta de progresso é o intervalo temporal máximo entre duas observações do mesmo sintoma (i.e. registos de tipo ‘observacao’ com a mesma chave e com valor NULL) em consultas de ortopedia."
   ]
  },
  {
   "cell_type": "code",
   "execution_count": null,
   "id": "d5c81cff-65a2-45f4-974a-6a0dc6b2b7fc",
   "metadata": {},
   "outputs": [],
   "source": [
    "%%sql\n",
    "\n",
    "SELECT ssn\n",
    "FROM historial_paciente hp1 JOIN historial_paciente hp2 USING (ssn, especialidade, chave)\n",
    "WHERE hp1.id != hp2.id AND especialidade = 'Ortopedia' AND hp1.valor IS NULL AND hp1.data - hp2.data >= ALL(\n",
    "    SELECT hp3.data - hp4.data\n",
    "    FROM historial_paciente hp3 JOIN historial_paciente hp4 USING (ssn, especialidade, chave)\n",
    "    WHERE hp3.id != hp4.id AND especialidade = 'Ortopedia' AND hp3.valor IS NULL\n",
    ");"
   ]
  },
  {
   "cell_type": "markdown",
   "id": "a6f88296-429c-4c1c-9a7a-5cbe9cb65920",
   "metadata": {},
   "source": [
    "2. Determinar que medicamentos estão a ser usados para tratar doenças crónicas do foro cardiológico. Considera-se que qualificam quaisquer medicamentos receitados ao mesmo paciente (qualquer que ele seja) pelo menos uma vez por mês durante os últimos doze meses, em consultas de cardiologia."
   ]
  },
  {
   "cell_type": "code",
   "execution_count": null,
   "id": "e4ac28fe-7680-4157-b44d-15246f22a0dd",
   "metadata": {},
   "outputs": [],
   "source": [
    "%%sql\n",
    "\n",
    "SELECT DISTINCT hp1.chave\n",
    "FROM historial_paciente hp1\n",
    "WHERE NOT EXISTS (\n",
    "    SELECT DISTINCT hp2.mes\n",
    "    FROM historial_paciente hp2\n",
    "    EXCEPT\n",
    "    SELECT DISTINCT hp3.mes\n",
    "    FROM historial_paciente hp3\n",
    "    WHERE hp3.ssn = hp1.ssn AND hp3.chave = hp1.chave AND hp3.especialidade = 'Cardiologia' AND hp3.tipo = 'receita' AND (hp3.data BETWEEN now() - interval '1 year' AND now()) \n",
    ");"
   ]
  },
  {
   "cell_type": "markdown",
   "id": "26cc0735-b0b5-4aad-aeb7-7ce9e35e7fe7",
   "metadata": {},
   "source": [
    "3. Explorar as quantidades totais receitadas de cada medicamento em 2023, globalmente, e com drill down nas dimensões espaço (localidade > clinica), tempo (mes > dia_do_mes), e médico  (especialidade > nome \\[do médico]), separadamente."
   ]
  },
  {
   "cell_type": "code",
   "execution_count": null,
   "id": "e9cd3ff7-f3a9-4b2c-9cdd-156fec1d587a",
   "metadata": {},
   "outputs": [],
   "source": [
    "%%sql\n",
    "\n",
    "SELECT chave, localidade, t.nome AS nome_clinica, mes, dia_do_mes, hp.especialidade, m.nome AS nome_medico, SUM(valor)\n",
    "FROM historial_paciente hp JOIN trabalha t USING (nif) JOIN medico m USING (nif)\n",
    "WHERE tipo = 'receita' AND ano = 2023 AND EXTRACT(DOW FROM data) = t.dia_da_semana\n",
    "GROUP BY GROUPING SETS((chave), (chave, localidade, t.nome), (chave, mes, dia_do_mes), (chave, hp.especialidade, m.nome));"
   ]
  },
  {
   "cell_type": "markdown",
   "id": "f71f79a7-425e-42a9-a9d3-fb59ebabf4d1",
   "metadata": {},
   "source": [
    "4. Determinar se há enviesamento na medição de algum parâmetros entre clínicas, especialidades médicas ou médicos, sendo para isso necessário listar o valor médio e desvio padrão de todos os parâmetros de observações métricas (i.e. com valor não NULL) com drill down na dimensão médico (globalmente > especialidade > nome \\[do médico]) e drill down adicional (sobre o anterior) por clínica."
   ]
  },
  {
   "cell_type": "code",
   "execution_count": null,
   "id": "b72e4ef4-a7c3-4577-931f-7e6591ed627f",
   "metadata": {},
   "outputs": [],
   "source": [
    "%%sql\n",
    "\n",
    "SELECT hp.especialidade, m.nome AS nome_medico, hp.nome AS nome_clinica, AVG(valor) AS valor_medio, STDDEV_POP(valor) AS desvio_padrao\n",
    "FROM historial_paciente hp JOIN medico m USING (nif)\n",
    "WHERE valor IS NOT NULL\n",
    "GROUP BY hp.especialidade, m.nome, hp.nome;"
   ]
  },
  {
   "cell_type": "markdown",
   "id": "5a75300b-51d0-4512-8b50-ffac98d66070",
   "metadata": {
    "tags": []
   },
   "source": [
    "## 6. Índices"
   ]
  },
  {
   "cell_type": "markdown",
   "id": "35f160cc-30e9-4381-9b3e-0d78ef421af8",
   "metadata": {
    "tags": []
   },
   "source": [
    "Apresente as instruções SQL para criação de índices para melhorar os tempos de cada uma das consultas listadas abaixo sobre a base de dados ‘Saude’. Justifique a sua escolha de tabela(s), atributo(s) e tipo(s) de índice, explicando que operações seriam otimizadas e como. Considere que não existam índices nas tabelas, além daqueles implícitos ao declarar chaves primárias e estrangeiras, e para efeitos deste exercício, suponha que o tamanho das tabelas excede a memória disponível em várias ordens de magnitude."
   ]
  },
  {
   "cell_type": "markdown",
   "id": "6e6e7eb2-c8ba-4d93-a31b-a2384d538fc0",
   "metadata": {},
   "source": [
    "### 6.1\n",
    "SELECT nome \n",
    "FROM paciente \n",
    "JOIN consulta USING (ssn) \n",
    "JOIN observacao USING (id) \n",
    "WHERE parametro = ‘pressão diastólica’ \n",
    "AND valor >= 9;"
   ]
  },
  {
   "cell_type": "code",
   "execution_count": 271,
   "id": "faf170d7-b2c5-48be-9e99-b41e2c683eff",
   "metadata": {
    "execution": {
     "iopub.execute_input": "2024-05-31T21:49:16.084307Z",
     "iopub.status.busy": "2024-05-31T21:49:16.083726Z",
     "iopub.status.idle": "2024-05-31T21:49:18.254962Z",
     "shell.execute_reply": "2024-05-31T21:49:18.251435Z",
     "shell.execute_reply.started": "2024-05-31T21:49:16.084262Z"
    }
   },
   "outputs": [
    {
     "data": {
      "text/html": [
       "<table>\n",
       "    <thead>\n",
       "        <tr>\n",
       "        </tr>\n",
       "    </thead>\n",
       "    <tbody>\n",
       "    </tbody>\n",
       "</table>"
      ],
      "text/plain": [
       "++\n",
       "||\n",
       "++\n",
       "++"
      ]
     },
     "execution_count": 271,
     "metadata": {},
     "output_type": "execute_result"
    }
   ],
   "source": [
    "%%sql\n",
    "CREATE INDEX idx_observacao_param_valor ON observacao (parametro, valor);"
   ]
  },
  {
   "cell_type": "code",
   "execution_count": 284,
   "id": "e0f8ef0e-9280-447d-9688-3764228627aa",
   "metadata": {
    "execution": {
     "iopub.execute_input": "2024-05-31T21:49:41.503818Z",
     "iopub.status.busy": "2024-05-31T21:49:41.503386Z",
     "iopub.status.idle": "2024-05-31T21:49:41.544635Z",
     "shell.execute_reply": "2024-05-31T21:49:41.542593Z",
     "shell.execute_reply.started": "2024-05-31T21:49:41.503788Z"
    },
    "tags": []
   },
   "outputs": [
    {
     "data": {
      "text/html": [
       "<span style=\"color: green\">14 rows affected.</span>"
      ],
      "text/plain": [
       "14 rows affected."
      ]
     },
     "metadata": {},
     "output_type": "display_data"
    },
    {
     "data": {
      "text/html": [
       "<table>\n",
       "    <thead>\n",
       "        <tr>\n",
       "            <th>QUERY PLAN</th>\n",
       "        </tr>\n",
       "    </thead>\n",
       "    <tbody>\n",
       "        <tr>\n",
       "            <td>Nested Loop  (cost=1322.49..4356.60 rows=533 width=22) (actual time=0.049..0.052 rows=0 loops=1)</td>\n",
       "        </tr>\n",
       "        <tr>\n",
       "            <td>&nbsp;&nbsp;->  Hash Join  (cost=1322.21..4194.37 rows=533 width=12) (actual time=0.049..0.051 rows=0 loops=1)</td>\n",
       "        </tr>\n",
       "        <tr>\n",
       "            <td>&nbsp;&nbsp;&nbsp;&nbsp;&nbsp;&nbsp;&nbsp;&nbsp;Hash Cond: (consulta.id = observacao.id)</td>\n",
       "        </tr>\n",
       "        <tr>\n",
       "            <td>&nbsp;&nbsp;&nbsp;&nbsp;&nbsp;&nbsp;&nbsp;&nbsp;->  Seq Scan on consulta  (cost=0.00..2576.87 rows=112487 width=16) (actual time=0.007..0.008 rows=1 loops=1)</td>\n",
       "        </tr>\n",
       "        <tr>\n",
       "            <td>&nbsp;&nbsp;&nbsp;&nbsp;&nbsp;&nbsp;&nbsp;&nbsp;->  Hash  (cost=1315.55..1315.55 rows=533 width=4) (actual time=0.034..0.035 rows=0 loops=1)</td>\n",
       "        </tr>\n",
       "        <tr>\n",
       "            <td>&nbsp;&nbsp;&nbsp;&nbsp;&nbsp;&nbsp;&nbsp;&nbsp;&nbsp;&nbsp;&nbsp;&nbsp;&nbsp;&nbsp;Buckets: 1024  Batches: 1  Memory Usage: 8kB</td>\n",
       "        </tr>\n",
       "        <tr>\n",
       "            <td>&nbsp;&nbsp;&nbsp;&nbsp;&nbsp;&nbsp;&nbsp;&nbsp;&nbsp;&nbsp;&nbsp;&nbsp;&nbsp;&nbsp;->  Bitmap Heap Scan on observacao  (cost=21.89..1315.55 rows=533 width=4) (actual time=0.033..0.034 rows=0 loops=1)</td>\n",
       "        </tr>\n",
       "        <tr>\n",
       "            <td>&nbsp;&nbsp;&nbsp;&nbsp;&nbsp;&nbsp;&nbsp;&nbsp;&nbsp;&nbsp;&nbsp;&nbsp;&nbsp;&nbsp;&nbsp;&nbsp;&nbsp;&nbsp;&nbsp;&nbsp;Recheck Cond: (((parametro)::text = 'Pressão arterial diastólica'::text) AND (valor >= '100'::double precision))</td>\n",
       "        </tr>\n",
       "        <tr>\n",
       "            <td>&nbsp;&nbsp;&nbsp;&nbsp;&nbsp;&nbsp;&nbsp;&nbsp;&nbsp;&nbsp;&nbsp;&nbsp;&nbsp;&nbsp;&nbsp;&nbsp;&nbsp;&nbsp;&nbsp;&nbsp;->  Bitmap Index Scan on idx_observacao_param_valor  (cost=0.00..21.75 rows=533 width=0) (actual time=0.031..0.031 rows=0 loops=1)</td>\n",
       "        </tr>\n",
       "        <tr>\n",
       "            <td>&nbsp;&nbsp;&nbsp;&nbsp;&nbsp;&nbsp;&nbsp;&nbsp;&nbsp;&nbsp;&nbsp;&nbsp;&nbsp;&nbsp;&nbsp;&nbsp;&nbsp;&nbsp;&nbsp;&nbsp;&nbsp;&nbsp;&nbsp;&nbsp;&nbsp;&nbsp;Index Cond: (((parametro)::text = 'Pressão arterial diastólica'::text) AND (valor >= '100'::double precision))</td>\n",
       "        </tr>\n",
       "        <tr>\n",
       "            <td>&nbsp;&nbsp;->  Index Scan using paciente_pkey on paciente  (cost=0.28..0.30 rows=1 width=34) (never executed)</td>\n",
       "        </tr>\n",
       "        <tr>\n",
       "            <td>&nbsp;&nbsp;&nbsp;&nbsp;&nbsp;&nbsp;&nbsp;&nbsp;Index Cond: (ssn = consulta.ssn)</td>\n",
       "        </tr>\n",
       "        <tr>\n",
       "            <td>Planning Time: 0.998 ms</td>\n",
       "        </tr>\n",
       "        <tr>\n",
       "            <td>Execution Time: 0.113 ms</td>\n",
       "        </tr>\n",
       "    </tbody>\n",
       "</table>"
      ],
      "text/plain": [
       "+--------------------------------------------------------------------------------------------------------------------------------------------------------+\n",
       "|                                                                       QUERY PLAN                                                                       |\n",
       "+--------------------------------------------------------------------------------------------------------------------------------------------------------+\n",
       "|                            Nested Loop  (cost=1322.49..4356.60 rows=533 width=22) (actual time=0.049..0.052 rows=0 loops=1)                            |\n",
       "|                            ->  Hash Join  (cost=1322.21..4194.37 rows=533 width=12) (actual time=0.049..0.051 rows=0 loops=1)                          |\n",
       "|                                                            Hash Cond: (consulta.id = observacao.id)                                                    |\n",
       "|                         ->  Seq Scan on consulta  (cost=0.00..2576.87 rows=112487 width=16) (actual time=0.007..0.008 rows=1 loops=1)                  |\n",
       "|                                  ->  Hash  (cost=1315.55..1315.55 rows=533 width=4) (actual time=0.034..0.035 rows=0 loops=1)                          |\n",
       "|                                                             Buckets: 1024  Batches: 1  Memory Usage: 8kB                                               |\n",
       "|                         ->  Bitmap Heap Scan on observacao  (cost=21.89..1315.55 rows=533 width=4) (actual time=0.033..0.034 rows=0 loops=1)           |\n",
       "|                              Recheck Cond: (((parametro)::text = 'Pressão arterial diastólica'::text) AND (valor >= '100'::double precision))          |\n",
       "|                     ->  Bitmap Index Scan on idx_observacao_param_valor  (cost=0.00..21.75 rows=533 width=0) (actual time=0.031..0.031 rows=0 loops=1) |\n",
       "|                                  Index Cond: (((parametro)::text = 'Pressão arterial diastólica'::text) AND (valor >= '100'::double precision))        |\n",
       "|                            ->  Index Scan using paciente_pkey on paciente  (cost=0.28..0.30 rows=1 width=34) (never executed)                          |\n",
       "|                                                                Index Cond: (ssn = consulta.ssn)                                                        |\n",
       "|                                                                Planning Time: 0.998 ms                                                                 |\n",
       "|                                                                Execution Time: 0.113 ms                                                                |\n",
       "+--------------------------------------------------------------------------------------------------------------------------------------------------------+"
      ]
     },
     "execution_count": 284,
     "metadata": {},
     "output_type": "execute_result"
    }
   ],
   "source": [
    "%%sql\n",
    "\n",
    "EXPLAIN ANALYSE SELECT paciente.nome\n",
    "FROM paciente JOIN consulta USING (ssn) JOIN observacao USING (id)\n",
    "WHERE parametro = 'Pressão arterial diastólica' AND valor >= 100;"
   ]
  },
  {
   "cell_type": "markdown",
   "id": "1af12988-e1f5-4a72-835d-9aba30d0ce88",
   "metadata": {},
   "source": [
    "### Justificação\n",
    "\n",
    "Como ssn é PK de paciente e id é PK de observação não é necessário nenhum índice adicional para o JOIN. Mas os filtros parametro e valor beneficiam de um índice. Há igualdade no campo parametro, pelo que deve ser o primeiro num eventual índice. Há a operação de range sobre valor. Assim, a ordem correta do índice a usar é (parametro, valor). É um índice B-Tree de chave composta, dado poder ser vantajoso para consultas que requerem várias comparações, como acontece no WHERE.\n",
    "Utilizando a ferramenta EXPLAIN ANALYSE, obtemos os resultados seguintes:\n",
    "\n",
    "|Variante|Tempo de planeamento|Tempo de execução|Tempo total|\n",
    "|--------|---------|---------|---------|\n",
    "|sem índice|0.63|35.32|35.95|\n",
    "|com índice|0.65|0.091|0.751|\n",
    "\n",
    "Verificamos então que reduzimos o bastante o tempo, indo ao encontro das previsões teóricas. Foi uma boa escolha de índice!"
   ]
  },
  {
   "cell_type": "markdown",
   "id": "89f6cb2b-8425-42f8-810c-9c9e5797b686",
   "metadata": {},
   "source": [
    "### 6.2\n",
    "SELECT especialidade, SUM(quantidade) AS qtd\n",
    "FROM medico \n",
    "JOIN consulta USING (nif)\n",
    "JOIN receita USING (codigo_ssn) \n",
    "WHERE data BETWEEN ‘2023-01-01’ AND ‘2023-12-31’ \n",
    "GROUP BY especialidade\n",
    "SORT BY qtd;"
   ]
  },
  {
   "cell_type": "markdown",
   "id": "c0c26418-681e-4c58-ba05-51ae9e487ed0",
   "metadata": {},
   "source": [
    "Como codigo_ssn não é PK de receita e nif não é PK de consulta, claramente beneficiam de um índice para o JOIN. É um índice B-Tree, usado para otimizar a junção de tabelas com as keys referidas.\n",
    "Para a procura em range, o tipo de índice indicado é o B-Tree, cujo propósito é acelerar a filtragem das linhas no intervalo de datas especificado.\n",
    "Agrupar por especialidade beneficia de um índice. É um índice B-Tree."
   ]
  },
  {
   "cell_type": "code",
   "execution_count": 419,
   "id": "de930828-ad9f-41eb-af7c-18cd227cf085",
   "metadata": {
    "execution": {
     "iopub.execute_input": "2024-05-31T22:53:48.377015Z",
     "iopub.status.busy": "2024-05-31T22:53:48.376267Z",
     "iopub.status.idle": "2024-05-31T22:53:48.806307Z",
     "shell.execute_reply": "2024-05-31T22:53:48.804828Z",
     "shell.execute_reply.started": "2024-05-31T22:53:48.376994Z"
    }
   },
   "outputs": [
    {
     "data": {
      "text/html": [
       "<table>\n",
       "    <thead>\n",
       "        <tr>\n",
       "        </tr>\n",
       "    </thead>\n",
       "    <tbody>\n",
       "    </tbody>\n",
       "</table>"
      ],
      "text/plain": [
       "++\n",
       "||\n",
       "++\n",
       "++"
      ]
     },
     "execution_count": 419,
     "metadata": {},
     "output_type": "execute_result"
    }
   ],
   "source": [
    "%%sql\n",
    "\n",
    "CREATE INDEX idx_medico_nif_especialidade ON medico(nif, especialidade);\n",
    "CREATE INDEX idx_receita_codigo_sns_qtd ON receita(codigo_sns, quantidade);"
   ]
  },
  {
   "cell_type": "code",
   "execution_count": 412,
   "id": "1acb3cb6-2c6b-4b14-a0f7-2eded77baa54",
   "metadata": {
    "execution": {
     "iopub.execute_input": "2024-05-31T22:52:37.443673Z",
     "iopub.status.busy": "2024-05-31T22:52:37.442714Z",
     "iopub.status.idle": "2024-05-31T22:52:37.547230Z",
     "shell.execute_reply": "2024-05-31T22:52:37.545829Z",
     "shell.execute_reply.started": "2024-05-31T22:52:37.443632Z"
    }
   },
   "outputs": [
    {
     "data": {
      "text/html": [
       "<span style=\"color: green\">31 rows affected.</span>"
      ],
      "text/plain": [
       "31 rows affected."
      ]
     },
     "metadata": {},
     "output_type": "display_data"
    },
    {
     "data": {
      "text/html": [
       "<table>\n",
       "    <thead>\n",
       "        <tr>\n",
       "            <th>QUERY PLAN</th>\n",
       "        </tr>\n",
       "    </thead>\n",
       "    <tbody>\n",
       "        <tr>\n",
       "            <td>Sort  (cost=7216.79..7216.81 rows=6 width=20) (actual time=72.393..75.431 rows=6 loops=1)</td>\n",
       "        </tr>\n",
       "        <tr>\n",
       "            <td>&nbsp;&nbsp;Sort Key: (sum(receita.quantidade))</td>\n",
       "        </tr>\n",
       "        <tr>\n",
       "            <td>&nbsp;&nbsp;Sort Method: quicksort  Memory: 25kB</td>\n",
       "        </tr>\n",
       "        <tr>\n",
       "            <td>&nbsp;&nbsp;->  Finalize GroupAggregate  (cost=7215.93..7216.71 rows=6 width=20) (actual time=72.384..75.425 rows=6 loops=1)</td>\n",
       "        </tr>\n",
       "        <tr>\n",
       "            <td>&nbsp;&nbsp;&nbsp;&nbsp;&nbsp;&nbsp;&nbsp;&nbsp;Group Key: medico.especialidade</td>\n",
       "        </tr>\n",
       "        <tr>\n",
       "            <td>&nbsp;&nbsp;&nbsp;&nbsp;&nbsp;&nbsp;&nbsp;&nbsp;->  Gather Merge  (cost=7215.93..7216.62 rows=6 width=20) (actual time=72.378..75.417 rows=12 loops=1)</td>\n",
       "        </tr>\n",
       "        <tr>\n",
       "            <td>&nbsp;&nbsp;&nbsp;&nbsp;&nbsp;&nbsp;&nbsp;&nbsp;&nbsp;&nbsp;&nbsp;&nbsp;&nbsp;&nbsp;Workers Planned: 1</td>\n",
       "        </tr>\n",
       "        <tr>\n",
       "            <td>&nbsp;&nbsp;&nbsp;&nbsp;&nbsp;&nbsp;&nbsp;&nbsp;&nbsp;&nbsp;&nbsp;&nbsp;&nbsp;&nbsp;Workers Launched: 1</td>\n",
       "        </tr>\n",
       "        <tr>\n",
       "            <td>&nbsp;&nbsp;&nbsp;&nbsp;&nbsp;&nbsp;&nbsp;&nbsp;&nbsp;&nbsp;&nbsp;&nbsp;&nbsp;&nbsp;->  Sort  (cost=6215.92..6215.94 rows=6 width=20) (actual time=69.887..69.890 rows=6 loops=2)</td>\n",
       "        </tr>\n",
       "        <tr>\n",
       "            <td>&nbsp;&nbsp;&nbsp;&nbsp;&nbsp;&nbsp;&nbsp;&nbsp;&nbsp;&nbsp;&nbsp;&nbsp;&nbsp;&nbsp;&nbsp;&nbsp;&nbsp;&nbsp;&nbsp;&nbsp;Sort Key: medico.especialidade</td>\n",
       "        </tr>\n",
       "        <tr>\n",
       "            <td>&nbsp;&nbsp;&nbsp;&nbsp;&nbsp;&nbsp;&nbsp;&nbsp;&nbsp;&nbsp;&nbsp;&nbsp;&nbsp;&nbsp;&nbsp;&nbsp;&nbsp;&nbsp;&nbsp;&nbsp;Sort Method: quicksort  Memory: 25kB</td>\n",
       "        </tr>\n",
       "        <tr>\n",
       "            <td>&nbsp;&nbsp;&nbsp;&nbsp;&nbsp;&nbsp;&nbsp;&nbsp;&nbsp;&nbsp;&nbsp;&nbsp;&nbsp;&nbsp;&nbsp;&nbsp;&nbsp;&nbsp;&nbsp;&nbsp;Worker 0:  Sort Method: quicksort  Memory: 25kB</td>\n",
       "        </tr>\n",
       "        <tr>\n",
       "            <td>&nbsp;&nbsp;&nbsp;&nbsp;&nbsp;&nbsp;&nbsp;&nbsp;&nbsp;&nbsp;&nbsp;&nbsp;&nbsp;&nbsp;&nbsp;&nbsp;&nbsp;&nbsp;&nbsp;&nbsp;->  Partial HashAggregate  (cost=6215.79..6215.85 rows=6 width=20) (actual time=69.860..69.864 rows=6 loops=2)</td>\n",
       "        </tr>\n",
       "        <tr>\n",
       "            <td>&nbsp;&nbsp;&nbsp;&nbsp;&nbsp;&nbsp;&nbsp;&nbsp;&nbsp;&nbsp;&nbsp;&nbsp;&nbsp;&nbsp;&nbsp;&nbsp;&nbsp;&nbsp;&nbsp;&nbsp;&nbsp;&nbsp;&nbsp;&nbsp;&nbsp;&nbsp;Group Key: medico.especialidade</td>\n",
       "        </tr>\n",
       "        <tr>\n",
       "            <td>&nbsp;&nbsp;&nbsp;&nbsp;&nbsp;&nbsp;&nbsp;&nbsp;&nbsp;&nbsp;&nbsp;&nbsp;&nbsp;&nbsp;&nbsp;&nbsp;&nbsp;&nbsp;&nbsp;&nbsp;&nbsp;&nbsp;&nbsp;&nbsp;&nbsp;&nbsp;Batches: 1  Memory Usage: 24kB</td>\n",
       "        </tr>\n",
       "        <tr>\n",
       "            <td>&nbsp;&nbsp;&nbsp;&nbsp;&nbsp;&nbsp;&nbsp;&nbsp;&nbsp;&nbsp;&nbsp;&nbsp;&nbsp;&nbsp;&nbsp;&nbsp;&nbsp;&nbsp;&nbsp;&nbsp;&nbsp;&nbsp;&nbsp;&nbsp;&nbsp;&nbsp;Worker 0:  Batches: 1  Memory Usage: 24kB</td>\n",
       "        </tr>\n",
       "        <tr>\n",
       "            <td>&nbsp;&nbsp;&nbsp;&nbsp;&nbsp;&nbsp;&nbsp;&nbsp;&nbsp;&nbsp;&nbsp;&nbsp;&nbsp;&nbsp;&nbsp;&nbsp;&nbsp;&nbsp;&nbsp;&nbsp;&nbsp;&nbsp;&nbsp;&nbsp;&nbsp;&nbsp;->  Hash Join  (cost=2451.19..5889.79 rows=65200 width=14) (actual time=10.570..57.540 rows=78448 loops=2)</td>\n",
       "        </tr>\n",
       "        <tr>\n",
       "            <td>&nbsp;&nbsp;&nbsp;&nbsp;&nbsp;&nbsp;&nbsp;&nbsp;&nbsp;&nbsp;&nbsp;&nbsp;&nbsp;&nbsp;&nbsp;&nbsp;&nbsp;&nbsp;&nbsp;&nbsp;&nbsp;&nbsp;&nbsp;&nbsp;&nbsp;&nbsp;&nbsp;&nbsp;&nbsp;&nbsp;&nbsp;&nbsp;Hash Cond: (consulta.nif = medico.nif)</td>\n",
       "        </tr>\n",
       "        <tr>\n",
       "            <td>&nbsp;&nbsp;&nbsp;&nbsp;&nbsp;&nbsp;&nbsp;&nbsp;&nbsp;&nbsp;&nbsp;&nbsp;&nbsp;&nbsp;&nbsp;&nbsp;&nbsp;&nbsp;&nbsp;&nbsp;&nbsp;&nbsp;&nbsp;&nbsp;&nbsp;&nbsp;&nbsp;&nbsp;&nbsp;&nbsp;&nbsp;&nbsp;->  Parallel Hash Join  (cost=2448.84..5704.19 rows=65200 width=12) (actual time=10.513..44.271 rows=78448 loops=2)</td>\n",
       "        </tr>\n",
       "        <tr>\n",
       "            <td>&nbsp;&nbsp;&nbsp;&nbsp;&nbsp;&nbsp;&nbsp;&nbsp;&nbsp;&nbsp;&nbsp;&nbsp;&nbsp;&nbsp;&nbsp;&nbsp;&nbsp;&nbsp;&nbsp;&nbsp;&nbsp;&nbsp;&nbsp;&nbsp;&nbsp;&nbsp;&nbsp;&nbsp;&nbsp;&nbsp;&nbsp;&nbsp;&nbsp;&nbsp;&nbsp;&nbsp;&nbsp;&nbsp;Hash Cond: ((receita.codigo_sns)::bpchar = consulta.codigo_sns)</td>\n",
       "        </tr>\n",
       "        <tr>\n",
       "            <td>&nbsp;&nbsp;&nbsp;&nbsp;&nbsp;&nbsp;&nbsp;&nbsp;&nbsp;&nbsp;&nbsp;&nbsp;&nbsp;&nbsp;&nbsp;&nbsp;&nbsp;&nbsp;&nbsp;&nbsp;&nbsp;&nbsp;&nbsp;&nbsp;&nbsp;&nbsp;&nbsp;&nbsp;&nbsp;&nbsp;&nbsp;&nbsp;&nbsp;&nbsp;&nbsp;&nbsp;&nbsp;&nbsp;->  Parallel Seq Scan on receita  (cost=0.00..2911.37 rows=131037 width=15) (actual time=0.021..6.846 rows=111382 loops=2)</td>\n",
       "        </tr>\n",
       "        <tr>\n",
       "            <td>&nbsp;&nbsp;&nbsp;&nbsp;&nbsp;&nbsp;&nbsp;&nbsp;&nbsp;&nbsp;&nbsp;&nbsp;&nbsp;&nbsp;&nbsp;&nbsp;&nbsp;&nbsp;&nbsp;&nbsp;&nbsp;&nbsp;&nbsp;&nbsp;&nbsp;&nbsp;&nbsp;&nbsp;&nbsp;&nbsp;&nbsp;&nbsp;&nbsp;&nbsp;&nbsp;&nbsp;&nbsp;&nbsp;->  Parallel Hash  (cost=2157.33..2157.33 rows=23321 width=23) (actual time=10.251..10.252 rows=28048 loops=2)</td>\n",
       "        </tr>\n",
       "        <tr>\n",
       "            <td>&nbsp;&nbsp;&nbsp;&nbsp;&nbsp;&nbsp;&nbsp;&nbsp;&nbsp;&nbsp;&nbsp;&nbsp;&nbsp;&nbsp;&nbsp;&nbsp;&nbsp;&nbsp;&nbsp;&nbsp;&nbsp;&nbsp;&nbsp;&nbsp;&nbsp;&nbsp;&nbsp;&nbsp;&nbsp;&nbsp;&nbsp;&nbsp;&nbsp;&nbsp;&nbsp;&nbsp;&nbsp;&nbsp;&nbsp;&nbsp;&nbsp;&nbsp;&nbsp;&nbsp;Buckets: 65536  Batches: 1  Memory Usage: 3616kB</td>\n",
       "        </tr>\n",
       "        <tr>\n",
       "            <td>&nbsp;&nbsp;&nbsp;&nbsp;&nbsp;&nbsp;&nbsp;&nbsp;&nbsp;&nbsp;&nbsp;&nbsp;&nbsp;&nbsp;&nbsp;&nbsp;&nbsp;&nbsp;&nbsp;&nbsp;&nbsp;&nbsp;&nbsp;&nbsp;&nbsp;&nbsp;&nbsp;&nbsp;&nbsp;&nbsp;&nbsp;&nbsp;&nbsp;&nbsp;&nbsp;&nbsp;&nbsp;&nbsp;&nbsp;&nbsp;&nbsp;&nbsp;&nbsp;&nbsp;->  Parallel Index Only Scan using idx_consulta_nif_codigo_sns on consulta  (cost=0.42..2157.33 rows=23321 width=23) (actual time=0.031..4.139 rows=28048 loops=2)</td>\n",
       "        </tr>\n",
       "        <tr>\n",
       "            <td>&nbsp;&nbsp;&nbsp;&nbsp;&nbsp;&nbsp;&nbsp;&nbsp;&nbsp;&nbsp;&nbsp;&nbsp;&nbsp;&nbsp;&nbsp;&nbsp;&nbsp;&nbsp;&nbsp;&nbsp;&nbsp;&nbsp;&nbsp;&nbsp;&nbsp;&nbsp;&nbsp;&nbsp;&nbsp;&nbsp;&nbsp;&nbsp;&nbsp;&nbsp;&nbsp;&nbsp;&nbsp;&nbsp;&nbsp;&nbsp;&nbsp;&nbsp;&nbsp;&nbsp;&nbsp;&nbsp;&nbsp;&nbsp;&nbsp;&nbsp;Index Cond: ((data >= '2023-01-01'::date) AND (data <= '2023-12-31'::date))</td>\n",
       "        </tr>\n",
       "        <tr>\n",
       "            <td>&nbsp;&nbsp;&nbsp;&nbsp;&nbsp;&nbsp;&nbsp;&nbsp;&nbsp;&nbsp;&nbsp;&nbsp;&nbsp;&nbsp;&nbsp;&nbsp;&nbsp;&nbsp;&nbsp;&nbsp;&nbsp;&nbsp;&nbsp;&nbsp;&nbsp;&nbsp;&nbsp;&nbsp;&nbsp;&nbsp;&nbsp;&nbsp;&nbsp;&nbsp;&nbsp;&nbsp;&nbsp;&nbsp;&nbsp;&nbsp;&nbsp;&nbsp;&nbsp;&nbsp;&nbsp;&nbsp;&nbsp;&nbsp;&nbsp;&nbsp;Heap Fetches: 0</td>\n",
       "        </tr>\n",
       "        <tr>\n",
       "            <td>&nbsp;&nbsp;&nbsp;&nbsp;&nbsp;&nbsp;&nbsp;&nbsp;&nbsp;&nbsp;&nbsp;&nbsp;&nbsp;&nbsp;&nbsp;&nbsp;&nbsp;&nbsp;&nbsp;&nbsp;&nbsp;&nbsp;&nbsp;&nbsp;&nbsp;&nbsp;&nbsp;&nbsp;&nbsp;&nbsp;&nbsp;&nbsp;->  Hash  (cost=1.60..1.60 rows=60 width=22) (actual time=0.037..0.037 rows=60 loops=2)</td>\n",
       "        </tr>\n",
       "        <tr>\n",
       "            <td>&nbsp;&nbsp;&nbsp;&nbsp;&nbsp;&nbsp;&nbsp;&nbsp;&nbsp;&nbsp;&nbsp;&nbsp;&nbsp;&nbsp;&nbsp;&nbsp;&nbsp;&nbsp;&nbsp;&nbsp;&nbsp;&nbsp;&nbsp;&nbsp;&nbsp;&nbsp;&nbsp;&nbsp;&nbsp;&nbsp;&nbsp;&nbsp;&nbsp;&nbsp;&nbsp;&nbsp;&nbsp;&nbsp;Buckets: 1024  Batches: 1  Memory Usage: 12kB</td>\n",
       "        </tr>\n",
       "        <tr>\n",
       "            <td>&nbsp;&nbsp;&nbsp;&nbsp;&nbsp;&nbsp;&nbsp;&nbsp;&nbsp;&nbsp;&nbsp;&nbsp;&nbsp;&nbsp;&nbsp;&nbsp;&nbsp;&nbsp;&nbsp;&nbsp;&nbsp;&nbsp;&nbsp;&nbsp;&nbsp;&nbsp;&nbsp;&nbsp;&nbsp;&nbsp;&nbsp;&nbsp;&nbsp;&nbsp;&nbsp;&nbsp;&nbsp;&nbsp;->  Seq Scan on medico  (cost=0.00..1.60 rows=60 width=22) (actual time=0.019..0.025 rows=60 loops=2)</td>\n",
       "        </tr>\n",
       "        <tr>\n",
       "            <td>Planning Time: 0.449 ms</td>\n",
       "        </tr>\n",
       "        <tr>\n",
       "            <td>Execution Time: 75.506 ms</td>\n",
       "        </tr>\n",
       "    </tbody>\n",
       "</table>"
      ],
      "text/plain": [
       "+----------------------------------------------------------------------------------------------------------------------------------------------------------------------------------------------------------------+\n",
       "|                                                                                                   QUERY PLAN                                                                                                   |\n",
       "+----------------------------------------------------------------------------------------------------------------------------------------------------------------------------------------------------------------+\n",
       "|                                                           Sort  (cost=7216.79..7216.81 rows=6 width=20) (actual time=72.393..75.431 rows=6 loops=1)                                                            |\n",
       "|                                                                                       Sort Key: (sum(receita.quantidade))                                                                                      |\n",
       "|                                                                                       Sort Method: quicksort  Memory: 25kB                                                                                     |\n",
       "|                                                 ->  Finalize GroupAggregate  (cost=7215.93..7216.71 rows=6 width=20) (actual time=72.384..75.425 rows=6 loops=1)                                               |\n",
       "|                                                                                            Group Key: medico.especialidade                                                                                     |\n",
       "|                                                         ->  Gather Merge  (cost=7215.93..7216.62 rows=6 width=20) (actual time=72.378..75.417 rows=12 loops=1)                                                 |\n",
       "|                                                                                                      Workers Planned: 1                                                                                        |\n",
       "|                                                                                                     Workers Launched: 1                                                                                        |\n",
       "|                                                                ->  Sort  (cost=6215.92..6215.94 rows=6 width=20) (actual time=69.887..69.890 rows=6 loops=2)                                                   |\n",
       "|                                                                                                   Sort Key: medico.especialidade                                                                               |\n",
       "|                                                                                                Sort Method: quicksort  Memory: 25kB                                                                            |\n",
       "|                                                                                          Worker 0:  Sort Method: quicksort  Memory: 25kB                                                                       |\n",
       "|                                                           ->  Partial HashAggregate  (cost=6215.79..6215.85 rows=6 width=20) (actual time=69.860..69.864 rows=6 loops=2)                                       |\n",
       "|                                                                                                     Group Key: medico.especialidade                                                                            |\n",
       "|                                                                                                      Batches: 1  Memory Usage: 24kB                                                                            |\n",
       "|                                                                                                Worker 0:  Batches: 1  Memory Usage: 24kB                                                                       |\n",
       "|                                                                ->  Hash Join  (cost=2451.19..5889.79 rows=65200 width=14) (actual time=10.570..57.540 rows=78448 loops=2)                                      |\n",
       "|                                                                                                     Hash Cond: (consulta.nif = medico.nif)                                                                     |\n",
       "|                                                              ->  Parallel Hash Join  (cost=2448.84..5704.19 rows=65200 width=12) (actual time=10.513..44.271 rows=78448 loops=2)                               |\n",
       "|                                                                                           Hash Cond: ((receita.codigo_sns)::bpchar = consulta.codigo_sns)                                                      |\n",
       "|                                                              ->  Parallel Seq Scan on receita  (cost=0.00..2911.37 rows=131037 width=15) (actual time=0.021..6.846 rows=111382 loops=2)                        |\n",
       "|                                                                    ->  Parallel Hash  (cost=2157.33..2157.33 rows=23321 width=23) (actual time=10.251..10.252 rows=28048 loops=2)                              |\n",
       "|                                                                                                      Buckets: 65536  Batches: 1  Memory Usage: 3616kB                                                          |\n",
       "|                                             ->  Parallel Index Only Scan using idx_consulta_nif_codigo_sns on consulta  (cost=0.42..2157.33 rows=23321 width=23) (actual time=0.031..4.139 rows=28048 loops=2) |\n",
       "|                                                                                           Index Cond: ((data >= '2023-01-01'::date) AND (data <= '2023-12-31'::date))                                          |\n",
       "|                                                                                                                         Heap Fetches: 0                                                                        |\n",
       "|                                                                            ->  Hash  (cost=1.60..1.60 rows=60 width=22) (actual time=0.037..0.037 rows=60 loops=2)                                             |\n",
       "|                                                                                                    Buckets: 1024  Batches: 1  Memory Usage: 12kB                                                               |\n",
       "|                                                                        ->  Seq Scan on medico  (cost=0.00..1.60 rows=60 width=22) (actual time=0.019..0.025 rows=60 loops=2)                                   |\n",
       "|                                                                                            Planning Time: 0.449 ms                                                                                             |\n",
       "|                                                                                           Execution Time: 75.506 ms                                                                                            |\n",
       "+----------------------------------------------------------------------------------------------------------------------------------------------------------------------------------------------------------------+"
      ]
     },
     "execution_count": 412,
     "metadata": {},
     "output_type": "execute_result"
    }
   ],
   "source": [
    "%%sql\n",
    "\n",
    "EXPLAIN ANALYSE SELECT especialidade, SUM(quantidade) AS qtd\n",
    "FROM medico JOIN consulta USING (nif) JOIN receita USING (codigo_sns)\n",
    "WHERE data BETWEEN '2023-01-01' AND '2023-12-31'\n",
    "GROUP BY especialidade\n",
    "ORDER BY qtd;"
   ]
  },
  {
   "cell_type": "markdown",
   "id": "eac20b4f-701f-459d-9dda-0b1c30601e68",
   "metadata": {
    "execution": {
     "iopub.execute_input": "2024-05-31T22:54:12.589112Z",
     "iopub.status.busy": "2024-05-31T22:54:12.588031Z",
     "iopub.status.idle": "2024-05-31T22:54:12.619135Z",
     "shell.execute_reply": "2024-05-31T22:54:12.617888Z",
     "shell.execute_reply.started": "2024-05-31T22:54:12.589075Z"
    }
   },
   "source": [
    "### Justificação\n",
    "\n",
    "O índice é B-Tree. É de chave composta por ter duas chaves."
   ]
  },
  {
   "cell_type": "code",
   "execution_count": null,
   "id": "fc8b655b-d3ba-4c69-8068-c113715e49fd",
   "metadata": {},
   "outputs": [],
   "source": []
  }
 ],
 "metadata": {
  "kernelspec": {
   "display_name": "Python 3 (ipykernel)",
   "language": "python",
   "name": "python3"
  },
  "language_info": {
   "codemirror_mode": {
    "name": "ipython",
    "version": 3
   },
   "file_extension": ".py",
   "mimetype": "text/x-python",
   "name": "python",
   "nbconvert_exporter": "python",
   "pygments_lexer": "ipython3",
   "version": "3.11.9"
  }
 },
 "nbformat": 4,
 "nbformat_minor": 5
}
